<?xml version="1.0" encoding="UTF-8"?>
<!-- Generated by org.testng.reporters.JUnitXMLReporter -->
<testsuite ignored="12" hostname="DESKTOP-K0687PF" failures="0" tests="6" name="Test" time="0.202" errors="0" timestamp="2023-03-30T19:44:48 IST">
  <testcase classname="testNGFlag.TestNGGroupExe" name="st1" time="0.026"/>
  <testcase classname="testNGFlag.TestNGGroupExe" name="st2" time="0.006"/>
  <testcase classname="testNGFlag.TestNGGroupExe" name="st3" time="0.009"/>
  <testcase classname="testNGFlag.TestNGGroupExe" name="st4" time="0.008"/>
  <testcase classname="testNGFlag.TestNGGroupExe" name="st5" time="0.005"/>
  <testcase classname="testNGFlag.TestNGGroupExe" name="st6" time="0.006"/>
  <testcase classname="testNGFlag.TestNGGroupExe" name="ft1" time="0.0">
    <ignored/>
  </testcase> <!-- ft1 -->
  <testcase classname="testNGFlag.TestNGGroupExe" name="it2" time="0.0">
    <ignored/>
  </testcase> <!-- it2 -->
  <testcase classname="testNGFlag.TestNGGroupExe" name="ft5" time="0.0">
    <ignored/>
  </testcase> <!-- ft5 -->
  <testcase classname="testNGFlag.TestNGGroupExe" name="ft2" time="0.0">
    <ignored/>
  </testcase> <!-- ft2 -->
  <testcase classname="testNGFlag.TestNGGroupExe" name="it1" time="0.0">
    <ignored/>
  </testcase> <!-- it1 -->
  <testcase classname="testNGFlag.TestNGGroupExe" name="ft4" time="0.0">
    <ignored/>
  </testcase> <!-- ft4 -->
  <testcase classname="testNGFlag.TestNGGroupExe" name="it6" time="0.0">
    <ignored/>
  </testcase> <!-- it6 -->
  <testcase classname="testNGFlag.TestNGGroupExe" name="it3" time="0.0">
    <ignored/>
  </testcase> <!-- it3 -->
  <testcase classname="testNGFlag.TestNGGroupExe" name="ft6" time="0.0">
    <ignored/>
  </testcase> <!-- ft6 -->
  <testcase classname="testNGFlag.TestNGGroupExe" name="ft3" time="0.0">
    <ignored/>
  </testcase> <!-- ft3 -->
  <testcase classname="testNGFlag.TestNGGroupExe" name="it5" time="0.0">
    <ignored/>
  </testcase> <!-- it5 -->
  <testcase classname="testNGFlag.TestNGGroupExe" name="it4" time="0.0">
    <ignored/>
  </testcase> <!-- it4 -->
</testsuite> <!-- Test -->
