<?xml version="1.0" encoding="UTF-8"?>
<testng-results ignored="0" total="1" passed="1" failed="0" skipped="0">
  <reporter-output>
  </reporter-output>
  <suite started-at="2023-04-14T12:16:10 IST" name="Default suite" finished-at="2023-04-14T12:16:40 IST" duration-ms="29474">
    <groups>
    </groups>
    <test started-at="2023-04-14T12:16:10 IST" name="Default test" finished-at="2023-04-14T12:16:40 IST" duration-ms="29474">
      <class name="testPackage.TestInvalidLogin">
        <test-method is-config="true" signature="setUp()[pri:0, instance:testPackage.TestInvalidLogin@696da30b]" started-at="2023-04-14T12:16:10 IST" name="setUp" finished-at="2023-04-14T12:16:15 IST" duration-ms="4467" status="PASS">
          <reporter-output>
          </reporter-output>
        </test-method> <!-- setUp -->
        <test-method signature="invalidLogin()[pri:0, instance:testPackage.TestInvalidLogin@696da30b]" started-at="2023-04-14T12:16:15 IST" name="invalidLogin" finished-at="2023-04-14T12:16:39 IST" duration-ms="24633" status="PASS">
          <reporter-output>
          </reporter-output>
        </test-method> <!-- invalidLogin -->
        <test-method is-config="true" signature="tearDown()[pri:0, instance:testPackage.TestInvalidLogin@696da30b]" started-at="2023-04-14T12:16:39 IST" name="tearDown" finished-at="2023-04-14T12:16:40 IST" duration-ms="323" status="PASS">
          <reporter-output>
          </reporter-output>
        </test-method> <!-- tearDown -->
      </class> <!-- testPackage.TestInvalidLogin -->
    </test> <!-- Default test -->
  </suite> <!-- Default suite -->
</testng-results>
