<?xml version="1.0" encoding="UTF-8"?>
<!-- Generated by org.testng.reporters.JUnitXMLReporter -->
<testsuite ignored="0" hostname="DESKTOP-K0687PF" failures="0" tests="10" name="Default test" time="0.119" errors="0" timestamp="2023-04-15T09:33:35 IST">
  <testcase classname="testNGFlag.InvocationCountFlag" name="ft" time="0.011"/>
  <testcase classname="testNGFlag.InvocationCountFlag" name="ft" time="0.002"/>
  <testcase classname="testNGFlag.InvocationCountFlag" name="ft" time="0.002"/>
  <testcase classname="testNGFlag.InvocationCountFlag" name="ft" time="0.002"/>
  <testcase classname="testNGFlag.InvocationCountFlag" name="ft" time="0.002"/>
  <testcase classname="testNGFlag.InvocationCountFlag" name="ft" time="0.003"/>
  <testcase classname="testNGFlag.InvocationCountFlag" name="ft" time="0.002"/>
  <testcase classname="testNGFlag.InvocationCountFlag" name="ft" time="0.002"/>
  <testcase classname="testNGFlag.InvocationCountFlag" name="ft" time="0.004"/>
  <testcase classname="testNGFlag.InvocationCountFlag" name="ft" time="0.003"/>
</testsuite> <!-- Default test -->
